2024-10-01 22:41:24,100 [INFO] Activator:176 - 


2024-10-01 22:41:24,120 [INFO] Activator:177 - !SESSION log4j initialized
2024-10-01 22:41:35,449 [INFO] LogOutputStream:77 - [STDOUT_REDIRECT] 
2024-10-01 22:41:37,765 [INFO] ApplicationProperties:184 - Using Application install path: /opt/st/stm32cubeide_1.15.1/plugins/com.st.stm32cube.common.mx_6.11.1.202404110753
2024-10-01 22:41:37,844 [INFO] DbMcusXml:78 - Set database path to: /opt/st/stm32cubeide_1.15.1/plugins/com.st.stm32cube.common.mx_6.11.1.202404110753//db//mcu/
2024-10-01 22:41:37,844 [INFO] ApiDb:274 - Set plugin database path to: /opt/st/stm32cubeide_1.15.1/plugins/com.st.stm32cube.common.mx_6.11.1.202404110753//db//plugins/boardmanager/
2024-10-01 22:41:37,844 [WARN] ApiDb:259 - Overriding images path with different value:  => /opt/st/stm32cubeide_1.15.1/plugins/com.st.stm32cube.common.mx_6.11.1.202404110753//db//plugins/mcufinder/images/
2024-10-01 22:41:37,865 [INFO] ApiDb:250 - Set database path to: /home/aaron/.stmcufinder/plugins/mcufinder//mcu/
2024-10-01 22:41:37,870 [INFO] DbMcusAds:125 - Set database path to: /home/aaron/.stmcufinder/plugins/mcufinder//mcu/
2024-10-01 22:41:37,878 [INFO] CrossReferenceDbSqlite:203 - Set database path to: /home/aaron/.stmcufinder/plugins/mcufinder//mcu/cs/
2024-10-01 22:41:38,336 [INFO] RulesReader:64 - Compatibility file has been processed (297 Rules)
2024-10-01 22:41:38,513 [INFO] DbMcusXml:78 - Set database path to: /opt/st/stm32cubeide_1.15.1/plugins/com.st.stm32cube.common.mx_6.11.1.202404110753//db//mcu/
2024-10-01 22:41:38,513 [INFO] ApiDb:274 - Set plugin database path to: /opt/st/stm32cubeide_1.15.1/plugins/com.st.stm32cube.common.mx_6.11.1.202404110753//db//plugins/boardmanager/
2024-10-01 22:41:38,514 [INFO] ApiDb:261 - Set plugin images path to: /opt/st/stm32cubeide_1.15.1/plugins/com.st.stm32cube.common.mx_6.11.1.202404110753//db//plugins/mcufinder/images/
2024-10-01 22:41:38,517 [WARN] DbFile:41 - Overriding database path with different value: /home/aaron/.stmcufinder/plugins/mcufinder/ => /home/aaron/.stmcufinder/plugins/mcufinder
2024-10-01 22:41:38,517 [INFO] ApiDb:250 - Set database path to: /home/aaron/.stmcufinder/plugins/mcufinder//mcu/
2024-10-01 22:41:38,519 [WARN] DbFile:41 - Overriding database path with different value: /home/aaron/.stmcufinder/plugins/mcufinder/ => /home/aaron/.stmcufinder/plugins/mcufinder
2024-10-01 22:41:38,519 [INFO] DbMcusAds:125 - Set database path to: /home/aaron/.stmcufinder/plugins/mcufinder//mcu/
2024-10-01 22:41:38,519 [WARN] DbFile:41 - Overriding database path with different value: /home/aaron/.stmcufinder/plugins/mcufinder/ => /home/aaron/.stmcufinder/plugins/mcufinder
2024-10-01 22:41:38,520 [WARN] DbFile:41 - Overriding database path with different value: /home/aaron/.stmcufinder/plugins/mcufinder/ => /home/aaron/.stmcufinder/plugins/mcufinder
2024-10-01 22:41:38,520 [INFO] CrossReferenceDbSqlite:203 - Set database path to: /home/aaron/.stmcufinder/plugins/mcufinder//mcu/cs/
2024-10-01 22:41:38,745 [INFO] MainPanel:264 - HeapMemory: 268435456
2024-10-01 22:41:38,979 [INFO] DbMcusXml:78 - Set database path to: /opt/st/stm32cubeide_1.15.1/plugins/com.st.stm32cube.common.mx_6.11.1.202404110753//db//mcu/
2024-10-01 22:41:38,979 [INFO] ApiDb:274 - Set plugin database path to: /opt/st/stm32cubeide_1.15.1/plugins/com.st.stm32cube.common.mx_6.11.1.202404110753//db//plugins/boardmanager/
2024-10-01 22:41:38,979 [INFO] ApiDb:261 - Set plugin images path to: /opt/st/stm32cubeide_1.15.1/plugins/com.st.stm32cube.common.mx_6.11.1.202404110753//db//plugins/mcufinder/images/
2024-10-01 22:41:38,980 [WARN] DbFile:41 - Overriding database path with different value: /home/aaron/.stmcufinder/plugins/mcufinder/ => /home/aaron/.stmcufinder/plugins/mcufinder
2024-10-01 22:41:38,980 [INFO] ApiDb:250 - Set database path to: /home/aaron/.stmcufinder/plugins/mcufinder//mcu/
2024-10-01 22:41:38,981 [WARN] DbFile:41 - Overriding database path with different value: /home/aaron/.stmcufinder/plugins/mcufinder/ => /home/aaron/.stmcufinder/plugins/mcufinder
2024-10-01 22:41:38,981 [INFO] DbMcusAds:125 - Set database path to: /home/aaron/.stmcufinder/plugins/mcufinder//mcu/
2024-10-01 22:41:38,981 [WARN] DbFile:41 - Overriding database path with different value: /home/aaron/.stmcufinder/plugins/mcufinder/ => /home/aaron/.stmcufinder/plugins/mcufinder
2024-10-01 22:41:38,981 [WARN] DbFile:41 - Overriding database path with different value: /home/aaron/.stmcufinder/plugins/mcufinder/ => /home/aaron/.stmcufinder/plugins/mcufinder
2024-10-01 22:41:38,982 [INFO] CrossReferenceDbSqlite:203 - Set database path to: /home/aaron/.stmcufinder/plugins/mcufinder//mcu/cs/
2024-10-01 22:41:39,020 [INFO] ApplicationProperties:184 - Using Application install path: /opt/st/stm32cubeide_1.15.1/plugins/com.st.stm32cube.common.mx_6.11.1.202404110753
2024-10-01 22:41:39,025 [INFO] PluginManage:196 - Search for loadable plugins [exclusion list=, ]
2024-10-01 22:41:39,028 [INFO] PluginManage:310 - Check plugin analytics
2024-10-01 22:41:39,424 [INFO] AnalyticsPlugin:253 - Accepted Software Licenses: 
2024-10-01 22:41:39,424 [INFO] AnalyticsPlugin:255 - Accepted CMSIS Pack Licenses: 
2024-10-01 22:41:39,425 [INFO] AnalyticsPlugin:257 - Accepted Firmware Licenses: FW.F4.1.28.0
2024-10-01 22:41:39,429 [INFO] PluginManage:359 - Loaded plugin analytics (category:tool,tabindex:-1)
2024-10-01 22:41:39,429 [INFO] PluginManage:310 - Check plugin cadmodel
2024-10-01 22:41:39,494 [INFO] CADModel:105 - Init CAD model plugin
2024-10-01 22:41:39,494 [INFO] PluginManage:359 - Loaded plugin cadmodel (category:power,tabindex:5)
2024-10-01 22:41:39,494 [INFO] PluginManage:310 - Check plugin clock
2024-10-01 22:41:39,513 [INFO] PluginManage:359 - Loaded plugin clock (category:base,tabindex:2)
2024-10-01 22:41:39,514 [INFO] PluginManage:310 - Check plugin ddr
2024-10-01 22:41:39,518 [INFO] PluginManage:359 - Loaded plugin ddr (category:tool,tabindex:6)
2024-10-01 22:41:39,518 [INFO] PluginManage:310 - Check plugin filemanager
2024-10-01 22:41:39,794 [INFO] PluginManage:359 - Loaded plugin filemanager (category:base,tabindex:10)
2024-10-01 22:41:39,795 [INFO] PluginManage:310 - Check plugin ipmanager
2024-10-01 22:41:39,807 [INFO] PluginManage:359 - Loaded plugin ipmanager (category:base,tabindex:5)
2024-10-01 22:41:39,809 [INFO] PluginManage:310 - Check plugin lpbam
2024-10-01 22:41:39,843 [INFO] PluginManage:359 - Loaded plugin lpbam (category:base,tabindex:0)
2024-10-01 22:41:39,844 [INFO] PluginManage:310 - Check plugin memorymap
2024-10-01 22:41:39,868 [INFO] PluginManage:359 - Loaded plugin memorymap (category:base,tabindex:4)
2024-10-01 22:41:39,869 [INFO] PluginManage:310 - Check plugin pinoutandconfiguration
2024-10-01 22:41:39,884 [INFO] PluginManage:359 - Loaded plugin pinoutandconfiguration (category:base,tabindex:1)
2024-10-01 22:41:39,885 [INFO] PluginManage:310 - Check plugin pinoutconfig
2024-10-01 22:41:40,044 [WARN] SupportedApi:132 - Cannot load RTOS API schema: s4s-elt-must-match.1: The content of 'definitions' must match (annotation?, (simpleType | complexType)?, (unique | key | keyref)*)). A problem was found starting at: attribute.
2024-10-01 22:41:40,311 [INFO] PluginManage:359 - Loaded plugin pinoutconfig (category:base,tabindex:0)
2024-10-01 22:41:40,311 [INFO] PluginManage:310 - Check plugin power
2024-10-01 22:41:40,345 [INFO] PluginManage:359 - Loaded plugin power (category:power,tabindex:4)
2024-10-01 22:41:40,345 [INFO] PluginManage:310 - Check plugin projectmanager
2024-10-01 22:41:40,376 [INFO] PluginManage:359 - Loaded plugin projectmanager (category:projectmanager,tabindex:3)
2024-10-01 22:41:40,376 [INFO] PluginManage:310 - Check plugin thirdparty
2024-10-01 22:41:40,636 [WARN] IntegrityCheckThread:84 - waiting for thirdparty lock release [integrity check]
2024-10-01 22:41:40,637 [INFO] IntegrityCheckThread:86 - entering critical section [integrity check]
2024-10-01 22:41:40,637 [INFO] PluginManage:359 - Loaded plugin thirdparty (category:base,tabindex:-1)
2024-10-01 22:41:40,638 [INFO] PluginManage:310 - Check plugin tools
2024-10-01 22:41:40,638 [INFO] ThirdPartyUpdaterWithRetryManager:70 - Updater plugin not ready yet. [1/15]
2024-10-01 22:41:40,641 [INFO] PluginManage:359 - Loaded plugin tools (category:base,tabindex:7)
2024-10-01 22:41:40,641 [INFO] PluginManage:310 - Check plugin tutovideos
2024-10-01 22:41:40,984 [INFO] PluginManage:359 - Loaded plugin tutovideos (category:base,tabindex:-1)
2024-10-01 22:41:40,985 [INFO] PluginManage:310 - Check plugin updater
2024-10-01 22:41:41,016 [INFO] PluginManage:359 - Loaded plugin updater (category:base,tabindex:12)
2024-10-01 22:41:41,017 [INFO] PluginManage:310 - Check plugin userauth
2024-10-01 22:41:41,026 [INFO] UserAuth:114 - Init User Auth plugin
2024-10-01 22:41:41,027 [INFO] PluginManage:359 - Loaded plugin userauth (category:base,tabindex:14)
2024-10-01 22:41:41,027 [INFO] PluginManage:283 - PluginManage : Loaded plugins [17]
2024-10-01 22:41:41,431 [INFO] PinOutPanel:1561 - setPackage(No Configuration,No Configuration)
2024-10-01 22:41:41,546 [INFO] CADModel:165 - CPN selected for project level
2024-10-01 22:41:41,547 [INFO] CADModel:114 - Register for checkConnection events
2024-10-01 22:41:41,562 [INFO] IPUIPlugin:80 - create IPUIPlugin
2024-10-01 22:41:41,563 [INFO] PluginManager:220 - loadIPPluginJar : add comp
2024-10-01 22:41:41,570 [INFO] IPUIPlugin:80 - create IPUIPlugin
2024-10-01 22:41:41,570 [INFO] PluginManager:220 - loadIPPluginJar : add spi
2024-10-01 22:41:41,576 [INFO] IPUIPlugin:80 - create IPUIPlugin
2024-10-01 22:41:41,577 [INFO] PluginManager:220 - loadIPPluginJar : add touchsensing
2024-10-01 22:41:41,589 [INFO] IPUIPlugin:80 - create IPUIPlugin
2024-10-01 22:41:41,590 [INFO] PluginManager:220 - loadIPPluginJar : add gpio
2024-10-01 22:41:41,593 [INFO] IPUIPlugin:80 - create IPUIPlugin
2024-10-01 22:41:41,593 [INFO] PluginManager:220 - loadIPPluginJar : add tracer_emb
2024-10-01 22:41:41,600 [INFO] IPUIPlugin:80 - create IPUIPlugin
2024-10-01 22:41:41,601 [INFO] PluginManager:220 - loadIPPluginJar : add opamp
2024-10-01 22:41:41,603 [INFO] IPUIPlugin:80 - create IPUIPlugin
2024-10-01 22:41:41,604 [INFO] PluginManager:220 - loadIPPluginJar : add ltdc
2024-10-01 22:41:41,615 [INFO] IPUIPlugin:80 - create IPUIPlugin
2024-10-01 22:41:41,615 [INFO] PluginManager:220 - loadIPPluginJar : add dma
2024-10-01 22:41:41,620 [INFO] IPUIPlugin:80 - create IPUIPlugin
2024-10-01 22:41:41,620 [INFO] PluginManager:220 - loadIPPluginJar : add gtzc
2024-10-01 22:41:41,624 [INFO] IPUIPlugin:80 - create IPUIPlugin
2024-10-01 22:41:41,624 [INFO] PluginManager:220 - loadIPPluginJar : add genericplugin
2024-10-01 22:41:41,628 [INFO] IPUIPlugin:80 - create IPUIPlugin
2024-10-01 22:41:41,628 [INFO] PluginManager:220 - loadIPPluginJar : add i2s
2024-10-01 22:41:41,631 [INFO] IPUIPlugin:80 - create IPUIPlugin
2024-10-01 22:41:41,631 [INFO] PluginManager:220 - loadIPPluginJar : add ts
2024-10-01 22:41:41,634 [INFO] IPUIPlugin:80 - create IPUIPlugin
2024-10-01 22:41:41,634 [INFO] PluginManager:220 - loadIPPluginJar : add tsc
2024-10-01 22:41:41,638 [INFO] IPUIPlugin:80 - create IPUIPlugin
2024-10-01 22:41:41,638 [INFO] PluginManager:220 - loadIPPluginJar : add ucpd
2024-10-01 22:41:41,643 [INFO] IPUIPlugin:80 - create IPUIPlugin
2024-10-01 22:41:41,643 [INFO] PluginManager:220 - loadIPPluginJar : add i3c
2024-10-01 22:41:41,647 [INFO] IPUIPlugin:80 - create IPUIPlugin
2024-10-01 22:41:41,647 [INFO] PluginManager:220 - loadIPPluginJar : add hash
2024-10-01 22:41:41,658 [INFO] IPUIPlugin:80 - create IPUIPlugin
2024-10-01 22:41:41,658 [INFO] PluginManager:220 - loadIPPluginJar : add fmc
2024-10-01 22:41:41,662 [INFO] IPUIPlugin:80 - create IPUIPlugin
2024-10-01 22:41:41,663 [INFO] PluginManager:220 - loadIPPluginJar : add pdm2pcm
2024-10-01 22:41:41,676 [INFO] IPUIPlugin:80 - create IPUIPlugin
2024-10-01 22:41:41,676 [INFO] PluginManager:220 - loadIPPluginJar : add linkedlist
2024-10-01 22:41:41,690 [INFO] IPUIPlugin:80 - create IPUIPlugin
2024-10-01 22:41:41,691 [INFO] PluginManager:220 - loadIPPluginJar : add mdma
2024-10-01 22:41:41,694 [INFO] IPUIPlugin:80 - create IPUIPlugin
2024-10-01 22:41:41,695 [INFO] PluginManager:220 - loadIPPluginJar : add can
2024-10-01 22:41:41,699 [INFO] IPUIPlugin:80 - create IPUIPlugin
2024-10-01 22:41:41,699 [INFO] PluginManager:220 - loadIPPluginJar : add lorawan
2024-10-01 22:41:41,713 [INFO] IPUIPlugin:80 - create IPUIPlugin
2024-10-01 22:41:41,716 [INFO] PluginManager:220 - loadIPPluginJar : add plateformsettings
2024-10-01 22:41:41,724 [INFO] IPUIPlugin:80 - create IPUIPlugin
2024-10-01 22:41:41,724 [INFO] PluginManager:220 - loadIPPluginJar : add nvic
2024-10-01 22:41:41,731 [INFO] IPUIPlugin:80 - create IPUIPlugin
2024-10-01 22:41:41,732 [INFO] PluginManager:220 - loadIPPluginJar : add extmemmanager
2024-10-01 22:41:41,739 [INFO] IPUIPlugin:80 - create IPUIPlugin
2024-10-01 22:41:41,739 [INFO] PluginManager:220 - loadIPPluginJar : add aes
2024-10-01 22:41:41,743 [INFO] IPUIPlugin:80 - create IPUIPlugin
2024-10-01 22:41:41,746 [INFO] PluginManager:220 - loadIPPluginJar : add cryp
2024-10-01 22:41:41,751 [INFO] IPUIPlugin:80 - create IPUIPlugin
2024-10-01 22:41:41,751 [INFO] PluginManager:220 - loadIPPluginJar : add dma3
2024-10-01 22:41:41,757 [INFO] IPUIPlugin:80 - create IPUIPlugin
2024-10-01 22:41:41,757 [INFO] PluginManager:220 - loadIPPluginJar : add i2c
2024-10-01 22:41:41,759 [INFO] IPUIPlugin:80 - create IPUIPlugin
2024-10-01 22:41:41,759 [INFO] PluginManager:220 - loadIPPluginJar : add fatfs
2024-10-01 22:41:41,764 [INFO] IPUIPlugin:80 - create IPUIPlugin
2024-10-01 22:41:41,764 [INFO] PluginManager:220 - loadIPPluginJar : add usbx
2024-10-01 22:41:41,769 [INFO] IPUIPlugin:80 - create IPUIPlugin
2024-10-01 22:41:41,769 [INFO] PluginManager:220 - loadIPPluginJar : add sai
2024-10-01 22:41:41,778 [INFO] IPUIPlugin:80 - create IPUIPlugin
2024-10-01 22:41:41,778 [INFO] PluginManager:220 - loadIPPluginJar : add gic
2024-10-01 22:41:41,791 [INFO] IPUIPlugin:80 - create IPUIPlugin
2024-10-01 22:41:41,791 [INFO] PluginManager:220 - loadIPPluginJar : add freertos
2024-10-01 22:41:41,797 [INFO] IPUIPlugin:80 - create IPUIPlugin
2024-10-01 22:41:41,797 [INFO] PluginManager:220 - loadIPPluginJar : add resmgrutility
2024-10-01 22:41:41,802 [INFO] IPUIPlugin:80 - create IPUIPlugin
2024-10-01 22:41:41,803 [INFO] PluginManager:220 - loadIPPluginJar : add ipddr
2024-10-01 22:41:41,814 [INFO] IPUIPlugin:80 - create IPUIPlugin
2024-10-01 22:41:41,814 [INFO] PluginManager:220 - loadIPPluginJar : add adc
2024-10-01 22:41:41,819 [INFO] IPUIPlugin:80 - create IPUIPlugin
2024-10-01 22:41:41,820 [INFO] PluginManager:220 - loadIPPluginJar : add openamp
2024-10-01 22:41:41,824 [INFO] IPUIPlugin:80 - create IPUIPlugin
2024-10-01 22:41:41,824 [INFO] PluginManager:220 - loadIPPluginJar : add gfxmmu
2024-10-01 22:41:41,832 [INFO] IPUIPlugin:80 - create IPUIPlugin
2024-10-01 22:41:41,832 [INFO] PluginManager:220 - loadIPPluginJar : add stm32_wpan
2024-10-01 22:41:41,836 [INFO] IPUIPlugin:80 - create IPUIPlugin
2024-10-01 22:41:41,836 [INFO] PluginManager:220 - loadIPPluginJar : add tim
2024-10-01 22:41:41,841 [INFO] IPUIPlugin:80 - create IPUIPlugin
2024-10-01 22:41:41,841 [INFO] PluginManager:220 - loadIPPluginJar : add usart
2024-10-01 22:41:41,845 [INFO] IPUIPlugin:80 - create IPUIPlugin
2024-10-01 22:41:41,845 [INFO] PluginManager:220 - loadIPPluginJar : add dfsdm
2024-10-01 22:41:41,847 [INFO] IPUIPlugin:80 - create IPUIPlugin
2024-10-01 22:41:41,847 [INFO] PluginManager:220 - loadIPPluginJar : add quadspi
2024-10-01 22:41:41,982 [INFO] CADModel:165 - CPN selected for project level
2024-10-01 22:41:41,982 [INFO] CADModel:114 - Register for checkConnection events
2024-10-01 22:41:41,982 [FATAL] Updater:308 - Updater called before beeing initialized
2024-10-01 22:41:41,982 [ERROR] CADModel:125 - Updater not yet initialized, retry later 
2024-10-01 22:41:42,246 [INFO] CADModel:165 - CPN selected for project level
2024-10-01 22:41:42,246 [INFO] CADModel:114 - Register for checkConnection events
2024-10-01 22:41:42,246 [FATAL] Updater:308 - Updater called before beeing initialized
2024-10-01 22:41:42,246 [ERROR] CADModel:125 - Updater not yet initialized, retry later 
2024-10-01 22:41:42,251 [FATAL] Updater:308 - Updater called before beeing initialized
2024-10-01 22:41:42,424 [FATAL] Updater:308 - Updater called before beeing initialized
2024-10-01 22:41:42,431 [INFO] DbMcusAds:53 - JSON generation date=Fri Sep 20 20:04:23 ICT 2024 (1726837463113)
2024-10-01 22:41:42,431 [FATAL] Updater:308 - Updater called before beeing initialized
2024-10-01 22:41:42,503 [WARN] DetailPanel:346 - Failed to get advertising image, set to default
2024-10-01 22:41:42,805 [FATAL] Updater:308 - Updater called before beeing initialized
2024-10-01 22:41:42,808 [FATAL] Updater:308 - Updater called before beeing initialized
2024-10-01 22:41:42,808 [FATAL] Updater:308 - Updater called before beeing initialized
2024-10-01 22:41:42,808 [WARN] DetailPanel:346 - Failed to get advertising image, set to default
2024-10-01 22:41:42,812 [FATAL] Updater:308 - Updater called before beeing initialized
2024-10-01 22:41:42,909 [ERROR] Updater:1120 - MainUpdater not yet initialized. External WinMGr cannot be set.
2024-10-01 22:41:42,913 [INFO] Updater:1056 - Updater Version found : 6.11.1
2024-10-01 22:41:42,964 [INFO] ApplicationProperties:184 - Using Application install path: /opt/st/stm32cubeide_1.15.1/plugins/com.st.stm32cube.common.mx_6.11.1.202404110753
2024-10-01 22:41:43,637 [INFO] MainUpdater:2873 - connection check result : 10
2024-10-01 22:41:43,637 [INFO] MainUpdater:290 - Updater Check For Update Now.
2024-10-01 22:41:43,638 [INFO] MicroXplorer:498 - Change Database Version : DB.6.0.111
2024-10-01 22:41:43,640 [INFO] ThirdPartyUpdaterWithRetryManager:70 - Updater plugin not ready yet. [2/15]
2024-10-01 22:41:43,647 [INFO] McuFinderGlobals:63 - Set McuFinder mode to 2 (CubeIDE integrated)
2024-10-01 22:41:43,659 [INFO] UserAuth:415 - Internet connection configuration mode: 1
2024-10-01 22:41:43,704 [INFO] JxBrowserEngine:152 - Initiate JxBrowser Engine with user profile folder
2024-10-01 22:41:44,101 [INFO] CheckServerUpdateThread:120 - End of CheckServer Thread
2024-10-01 22:41:46,489 [INFO] WebApp:161 - Instantiating new browser for Auth
2024-10-01 22:41:47,886 [WARN] PackLoader:240 - Cannot read IP mode file for STMicroelectronics.FP-SNS-MOTENVWB1.1.4.0
2024-10-01 22:41:47,951 [WARN] PackLoader:240 - Cannot read IP mode file for STMicroelectronics.X-CUBE-SMBUS.2.1.0
2024-10-01 22:41:47,996 [WARN] PackLoader:240 - Cannot read IP mode file for STMicroelectronics.X-CUBE-TOUCHGFX.4.23.2
2024-10-01 22:41:48,123 [WARN] PackLoader:240 - Cannot read IP mode file for STMicroelectronics.X-CUBE-AZRTOS-F7.1.1.0
2024-10-01 22:41:48,531 [WARN] PackLoader:240 - Cannot read IP mode file for STMicroelectronics.X-CUBE-MEMS1.11.0.0
2024-10-01 22:41:49,064 [WARN] PackLoader:240 - Cannot read IP mode file for STMicroelectronics.FP-SNS-FLIGHT1.5.0.2
2024-10-01 22:41:49,107 [WARN] PackLoader:240 - Cannot read IP mode file for STMicroelectronics.X-CUBE-DISPLAY.3.0.0
2024-10-01 22:41:49,140 [WARN] PackLoader:240 - Cannot read IP mode file for STMicroelectronics.X-CUBE-BLE1.7.0.0
2024-10-01 22:41:49,167 [WARN] PackLoader:240 - Cannot read IP mode file for STMicroelectronics.X-CUBE-NFC10.1.0.0
2024-10-01 22:41:49,187 [WARN] PackLoader:240 - Cannot read IP mode file for emotas.I-CUBE-CANOPEN.1.3.0
2024-10-01 22:41:49,265 [WARN] PackLoader:240 - Cannot read IP mode file for STMicroelectronics.X-CUBE-BLEMGR.3.1.0
2024-10-01 22:41:49,323 [WARN] PackLoader:240 - Cannot read IP mode file for STMicroelectronics.FP-SNS-SMARTAG2.1.2.0
2024-10-01 22:41:49,383 [INFO] LogOutputStream:77 - [STDOUT_REDIRECT] 1 : Invalid condition id : UX_CORESTACK_Condition cause : null
2024-10-01 22:41:49,386 [INFO] LogOutputStream:77 - [STDOUT_REDIRECT] 1 : Invalid condition id : UX_CORESTACK_Condition cause : null
2024-10-01 22:41:49,387 [INFO] LogOutputStream:77 - [STDOUT_REDIRECT] 1 : Invalid condition id : UX_CORESTACK_Condition cause : null
2024-10-01 22:41:49,387 [INFO] LogOutputStream:77 - [STDOUT_REDIRECT] 1 : Invalid condition id : UX_CORESTACK_Condition cause : null
2024-10-01 22:41:49,387 [INFO] LogOutputStream:77 - [STDOUT_REDIRECT] 1 : Invalid condition id : UX_CORESTACK_Condition cause : null
2024-10-01 22:41:49,421 [WARN] PackLoader:240 - Cannot read IP mode file for STMicroelectronics.X-CUBE-AZRTOS-WL.2.0.0
2024-10-01 22:41:49,440 [WARN] PackLoader:240 - Cannot read IP mode file for STMicroelectronics.FP-SNS-MOTENV1.5.0.0
2024-10-01 22:41:49,509 [WARN] PackLoader:240 - Cannot read IP mode file for wolfSSL.I-CUBE-wolfMQTT.1.19.0
2024-10-01 22:41:49,562 [WARN] PackLoader:240 - Cannot read IP mode file for WES.I-CUBE-Cesium.1.3.0
2024-10-01 22:41:49,577 [WARN] PackLoader:240 - Cannot read IP mode file for STMicroelectronics.X-CUBE-BLE2.3.3.0
2024-10-01 22:41:49,608 [WARN] PackLoader:240 - Cannot read IP mode file for STMicroelectronics.X-CUBE-NFC9.1.0.0
2024-10-01 22:41:49,638 [WARN] PackLoader:240 - Cannot read IP mode file for STMicroelectronics.X-CUBE-TCPP.4.1.0
2024-10-01 22:41:49,754 [WARN] PackLoader:240 - Cannot read IP mode file for STMicroelectronics.X-CUBE-AZRTOS-G0.1.1.0
2024-10-01 22:41:49,817 [WARN] PackLoader:240 - Cannot read IP mode file for STMicroelectronics.X-CUBE-SAFEA1.1.2.2
2024-10-01 22:41:49,852 [WARN] PackLoader:240 - Cannot read IP mode file for STMicroelectronics.X-CUBE-NFC4.3.0.0
2024-10-01 22:41:49,891 [WARN] PackLoader:240 - Cannot read IP mode file for wolfSSL.I-CUBE-wolfMQTT.1.18.0
2024-10-01 22:41:49,941 [WARN] PackLoader:240 - Cannot read IP mode file for EmbeddedOffice.I-CUBE-FS-RTOS.1.0.1
2024-10-01 22:41:49,942 [ERROR] ConditionMgr:805 - Attr not supported : Dmpu
2024-10-01 22:41:49,942 [ERROR] ConditionMgr:805 - Attr not supported : Dmpu
2024-10-01 22:41:49,942 [ERROR] ConditionMgr:805 - Attr not supported : Dmpu
2024-10-01 22:41:49,943 [ERROR] ConditionMgr:805 - Attr not supported : Dmpu
2024-10-01 22:41:49,943 [ERROR] ConditionMgr:805 - Attr not supported : Dmpu
2024-10-01 22:41:49,943 [ERROR] ConditionMgr:805 - Attr not supported : Dmpu
2024-10-01 22:41:49,943 [ERROR] ConditionMgr:805 - Attr not supported : Dmpu
2024-10-01 22:41:49,943 [ERROR] ConditionMgr:805 - Attr not supported : Dmpu
2024-10-01 22:41:49,943 [ERROR] ConditionMgr:805 - Attr not supported : Dmpu
2024-10-01 22:41:49,944 [ERROR] ConditionMgr:805 - Attr not supported : Dmpu
2024-10-01 22:41:49,944 [ERROR] ConditionMgr:805 - Attr not supported : Dmpu
2024-10-01 22:41:49,944 [ERROR] ConditionMgr:805 - Attr not supported : Dmpu
2024-10-01 22:41:49,944 [ERROR] ConditionMgr:805 - Attr not supported : Dmpu
2024-10-01 22:41:49,944 [ERROR] ConditionMgr:805 - Attr not supported : Dmpu
2024-10-01 22:41:49,945 [ERROR] ConditionMgr:805 - Attr not supported : Dmpu
2024-10-01 22:41:49,945 [ERROR] ConditionMgr:805 - Attr not supported : Dmpu
2024-10-01 22:41:49,945 [ERROR] ConditionMgr:805 - Attr not supported : Dmpu
2024-10-01 22:41:49,945 [ERROR] ConditionMgr:805 - Attr not supported : Dmpu
2024-10-01 22:41:49,946 [ERROR] ConditionMgr:805 - Attr not supported : Dmpu
2024-10-01 22:41:49,946 [ERROR] ConditionMgr:805 - Attr not supported : Dmpu
2024-10-01 22:41:49,946 [ERROR] ConditionMgr:805 - Attr not supported : Dmpu
2024-10-01 22:41:49,946 [ERROR] ConditionMgr:805 - Attr not supported : Dmpu
2024-10-01 22:41:49,946 [ERROR] ConditionMgr:805 - Attr not supported : Dmpu
2024-10-01 22:41:49,947 [ERROR] ConditionMgr:805 - Attr not supported : Dmpu
2024-10-01 22:41:49,948 [ERROR] ConditionMgr:805 - Attr not supported : Dmpu
2024-10-01 22:41:49,948 [ERROR] ConditionMgr:805 - Attr not supported : Dmpu
2024-10-01 22:41:49,949 [ERROR] ConditionMgr:805 - Attr not supported : Dmpu
2024-10-01 22:41:49,949 [ERROR] ConditionMgr:805 - Attr not supported : Dmpu
2024-10-01 22:41:49,949 [ERROR] ConditionMgr:805 - Attr not supported : Dmpu
2024-10-01 22:41:49,949 [ERROR] ConditionMgr:805 - Attr not supported : Dmpu
2024-10-01 22:41:49,950 [ERROR] ConditionMgr:805 - Attr not supported : Dmpu
2024-10-01 22:41:49,950 [ERROR] ConditionMgr:805 - Attr not supported : Dmpu
2024-10-01 22:41:49,950 [ERROR] ConditionMgr:805 - Attr not supported : Dmpu
2024-10-01 22:41:49,950 [ERROR] ConditionMgr:805 - Attr not supported : Dmpu
2024-10-01 22:41:49,951 [ERROR] ConditionMgr:805 - Attr not supported : Dmpu
2024-10-01 22:41:49,951 [ERROR] ConditionMgr:805 - Attr not supported : Dmpu
2024-10-01 22:41:49,951 [ERROR] ConditionMgr:805 - Attr not supported : Dmpu
2024-10-01 22:41:49,951 [ERROR] ConditionMgr:805 - Attr not supported : Dmpu
2024-10-01 22:41:49,952 [ERROR] ConditionMgr:805 - Attr not supported : Dmpu
2024-10-01 22:41:49,952 [ERROR] ConditionMgr:805 - Attr not supported : Dmpu
2024-10-01 22:41:49,952 [ERROR] ConditionMgr:805 - Attr not supported : Dmpu
2024-10-01 22:41:49,952 [ERROR] ConditionMgr:805 - Attr not supported : Dmpu
2024-10-01 22:41:49,952 [ERROR] ConditionMgr:805 - Attr not supported : Dmpu
2024-10-01 22:41:49,953 [ERROR] ConditionMgr:805 - Attr not supported : Dmpu
2024-10-01 22:41:49,953 [ERROR] ConditionMgr:805 - Attr not supported : Dmpu
2024-10-01 22:41:49,953 [ERROR] ConditionMgr:805 - Attr not supported : Dmpu
2024-10-01 22:41:49,953 [ERROR] ConditionMgr:805 - Attr not supported : Dmpu
2024-10-01 22:41:49,954 [ERROR] ConditionMgr:805 - Attr not supported : Dmpu
2024-10-01 22:41:49,954 [ERROR] ConditionMgr:805 - Attr not supported : Dmpu
2024-10-01 22:41:49,954 [ERROR] ConditionMgr:805 - Attr not supported : Dmpu
2024-10-01 22:41:49,954 [ERROR] ConditionMgr:805 - Attr not supported : Dmpu
2024-10-01 22:41:49,955 [ERROR] ConditionMgr:805 - Attr not supported : Dmpu
2024-10-01 22:41:49,955 [ERROR] ConditionMgr:805 - Attr not supported : Dmpu
2024-10-01 22:41:49,956 [ERROR] ConditionMgr:805 - Attr not supported : Dmpu
2024-10-01 22:41:49,956 [ERROR] ConditionMgr:805 - Attr not supported : Dmpu
2024-10-01 22:41:49,956 [ERROR] ConditionMgr:805 - Attr not supported : Dmpu
2024-10-01 22:41:49,957 [ERROR] ConditionMgr:805 - Attr not supported : Dmpu
2024-10-01 22:41:49,957 [ERROR] ConditionMgr:805 - Attr not supported : Dmpu
2024-10-01 22:41:49,957 [ERROR] ConditionMgr:805 - Attr not supported : Dmpu
2024-10-01 22:41:49,958 [ERROR] ConditionMgr:805 - Attr not supported : Dmpu
2024-10-01 22:41:49,960 [ERROR] ConditionMgr:805 - Attr not supported : Dmpu
2024-10-01 22:41:49,964 [ERROR] ConditionMgr:805 - Attr not supported : Dmpu
2024-10-01 22:41:49,967 [ERROR] ConditionMgr:805 - Attr not supported : Dmpu
2024-10-01 22:41:49,971 [ERROR] ConditionMgr:805 - Attr not supported : Dmpu
2024-10-01 22:41:50,049 [WARN] PackLoader:240 - Cannot read IP mode file for RealThread.X-CUBE-RT-Thread_Nano.4.1.1
2024-10-01 22:41:50,070 [WARN] PackLoader:240 - Cannot read IP mode file for wolfSSL.I-CUBE-wolfSSL.5.7.0
2024-10-01 22:41:50,079 [WARN] PackLoader:240 - Cannot read IP mode file for STMicroelectronics.FP-ATR-SIGFOX1.3.2.0
2024-10-01 22:41:50,102 [WARN] PackLoader:240 - Cannot read IP mode file for STMicroelectronics.X-CUBE-EEPRMA1.5.1.0
2024-10-01 22:41:50,130 [WARN] PackLoader:240 - Cannot read IP mode file for ITTIA_DB.I-CUBE-ITTIADB.8.9.0
2024-10-01 22:41:50,338 [WARN] PackLoader:240 - Cannot read IP mode file for SEGGER.I-CUBE-embOS.1.3.1
2024-10-01 22:41:50,436 [INFO] WebApp:779 - Register for checkConnection events
2024-10-01 22:41:50,436 [INFO] WebApp:414 - Apply proxy settings
2024-10-01 22:41:50,439 [INFO] WebApp:499 - Chromium requires no authentication
2024-10-01 22:41:50,477 [INFO] WebApp:442 - Direct internet connection detected
2024-10-01 22:41:50,681 [WARN] PackLoader:240 - Cannot read IP mode file for STMicroelectronics.X-CUBE-ALGOBUILD.1.4.0
2024-10-01 22:41:50,696 [WARN] PackLoader:240 - Cannot read IP mode file for STMicroelectronics.X-CUBE-GNSS1.6.0.0
2024-10-01 22:41:50,792 [WARN] PackLoader:240 - Cannot read IP mode file for STMicroelectronics.X-CUBE-AZRTOS-F4.1.1.0
2024-10-01 22:41:50,824 [WARN] PackLoader:240 - Cannot read IP mode file for STMicroelectronics.X-CUBE-ISPU.2.1.0
2024-10-01 22:41:50,856 [WARN] PackLoader:240 - Cannot read IP mode file for STMicroelectronics.X-CUBE-FREERTOS.1.2.0
2024-10-01 22:41:50,938 [WARN] PackLoader:240 - Cannot read IP mode file for STMicroelectronics.X-CUBE-AZRTOS-L5.2.0.0
2024-10-01 22:41:50,965 [WARN] PackLoader:240 - Cannot read IP mode file for STMicroelectronics.X-CUBE-NFC6.3.1.0
2024-10-01 22:41:50,982 [WARN] PackLoader:240 - Cannot read IP mode file for STMicroelectronics.X-CUBE-DPower.1.2.0
2024-10-01 22:41:50,992 [WARN] PackLoader:240 - Cannot read IP mode file for STMicroelectronics.X-CUBE-AI.9.0.0
2024-10-01 22:41:51,005 [WARN] PackLoader:240 - Cannot read IP mode file for STMicroelectronics.X-CUBE-NFC7.1.0.1
2024-10-01 22:41:51,015 [WARN] PackLoader:240 - Cannot read IP mode file for wolfSSL.I-CUBE-wolfTPM.3.2.0
2024-10-01 22:41:51,066 [INFO] WebApp:192 - Starting web application
2024-10-01 22:41:51,067 [INFO] WebApp:544 - Web application path used /opt/st/stm32cubeide_1.15.1/plugins/com.st.stm32cube.common.mx_6.11.1.202404110753/db/plugins/mcufinder/reactClient1/index.html
2024-10-01 22:41:51,070 [WARN] ConditionMgr:438 - getConditionDescription Invalid condition id : LAN8742 Phy interface Condition cause : null
2024-10-01 22:41:51,072 [WARN] PackLoader:240 - Cannot read IP mode file for STMicroelectronics.X-CUBE-AZRTOS-L4.2.0.0
2024-10-01 22:41:51,075 [WARN] ConditionMgr:1039 - genDependencies : Invalid condition id : LAN8742 Phy interface Condition cause : null
2024-10-01 22:41:51,076 [WARN] ConditionMgr:1039 - genDependencies : Invalid condition id : LAN8742 Phy interface Condition cause : null
2024-10-01 22:41:51,078 [WARN] ConditionMgr:1039 - genDependencies : Invalid condition id : LAN8742 Phy interface Condition cause : null
2024-10-01 22:41:51,096 [WARN] PackLoader:240 - Cannot read IP mode file for STMicroelectronics.X-CUBE-SFXS2LP1.4.0.0
2024-10-01 22:41:51,213 [WARN] PackLoader:240 - Cannot read IP mode file for STMicroelectronics.X-CUBE-AZRTOS-H7.3.3.0
2024-10-01 22:41:51,289 [WARN] ConditionMgr:438 - getConditionDescription Invalid condition id : UX DEVICE CLASS RTOS Condition cause : null
2024-10-01 22:41:51,290 [WARN] ConditionMgr:438 - getConditionDescription Invalid condition id : UX DEVICE CLASS RTOS Condition cause : null
2024-10-01 22:41:51,306 [WARN] PackLoader:240 - Cannot read IP mode file for STMicroelectronics.X-CUBE-AZRTOS-WB.2.0.0
2024-10-01 22:41:51,308 [WARN] ConditionMgr:1039 - genDependencies : Invalid condition id : UX DEVICE CLASS RTOS Condition cause : null
2024-10-01 22:41:51,308 [WARN] ConditionMgr:1039 - genDependencies : Invalid condition id : UX DEVICE CLASS RTOS Condition cause : null
2024-10-01 22:41:51,310 [WARN] ConditionMgr:1039 - genDependencies : Invalid condition id : UX DEVICE CLASS RTOS Condition cause : null
2024-10-01 22:41:51,313 [WARN] ConditionMgr:1039 - genDependencies : Invalid condition id : UX DEVICE CLASS RTOS Condition cause : null
2024-10-01 22:41:51,313 [WARN] ConditionMgr:1039 - genDependencies : Invalid condition id : UX DEVICE CLASS RTOS Condition cause : null
2024-10-01 22:41:51,328 [WARN] PackLoader:240 - Cannot read IP mode file for STMicroelectronics.X-CUBE-GNSS1.7.0.0
2024-10-01 22:41:51,350 [WARN] PackLoader:240 - Cannot read IP mode file for STMicroelectronics.FP-SNS-STBOX1.2.0.0
2024-10-01 22:41:51,383 [WARN] PackLoader:240 - Cannot read IP mode file for STMicroelectronics.X-CUBE-SUBG2.5.0.0
2024-10-01 22:41:51,403 [WARN] PackLoader:240 - Cannot read IP mode file for Cesanta.I-CUBE-Mongoose.7.13.0
2024-10-01 22:41:51,467 [WARN] PackLoader:240 - Cannot read IP mode file for STMicroelectronics.X-CUBE-AZRTOS-G4.2.0.0
2024-10-01 22:41:51,486 [WARN] PackLoader:240 - Cannot read IP mode file for STMicroelectronics.X-CUBE-ISPU.2.0.0
2024-10-01 22:41:51,501 [WARN] PackLoader:240 - Cannot read IP mode file for STMicroelectronics.X-CUBE-ALS.1.0.2
2024-10-01 22:41:51,694 [WARN] PackLoader:240 - Cannot read IP mode file for STMicroelectronics.X-CUBE-MEMS1.10.0.0
2024-10-01 22:41:52,049 [WARN] PackLoader:240 - Cannot read IP mode file for STMicroelectronics.X-CUBE-TOUCHGFX.4.24.0
2024-10-01 22:41:52,056 [WARN] PackLoader:240 - Cannot read IP mode file for STMicroelectronics.X-CUBE-TOUCHGFX.4.24.1
2024-10-01 22:41:52,067 [WARN] PackLoader:240 - Cannot read IP mode file for portGmbH.I-Cube-SoM-uGOAL.1.1.0
2024-10-01 22:41:52,075 [WARN] PackLoader:240 - Cannot read IP mode file for STMicroelectronics.X-CUBE-ALS.1.0.1
2024-10-01 22:41:52,131 [WARN] PackLoader:240 - Cannot read IP mode file for STMicroelectronics.X-CUBE-AZRTOS-H7RS.1.0.0
2024-10-01 22:41:52,146 [WARN] PackLoader:240 - Cannot read IP mode file for STMicroelectronics.FP-ATR-ASTRA1.2.0.0
2024-10-01 22:41:52,178 [WARN] PackLoader:240 - Cannot read IP mode file for STMicroelectronics.X-CUBE-TOF1.3.4.2
2024-10-01 22:41:52,235 [WARN] PackLoader:240 - Cannot read IP mode file for STMicroelectronics.X-CUBE-TOF1.3.4.1
2024-10-01 22:41:52,323 [WARN] PackLoader:240 - Cannot read IP mode file for STMicroelectronics.X-CUBE-AZRTOS-H7.3.2.0
2024-10-01 22:41:52,386 [WARN] PackLoader:240 - Cannot read IP mode file for Infineon.AIROC-Wi-Fi-Bluetooth-STM32.1.6.0
2024-10-01 22:41:52,406 [WARN] PackLoader:240 - Cannot read IP mode file for wolfSSL.I-CUBE-wolfSSH.1.4.17
2024-10-01 22:41:52,407 [INFO] ThirdParty:978 - Integrity check success = true
2024-10-01 22:41:52,407 [INFO] IntegrityCheckThread:100 - exiting critical section [integrity check]
2024-10-01 22:41:52,408 [INFO] IntegrityCheckThread:103 - End integrity checks thread
