2024-09-26 23:45:32,285 [INFO] Activator:176 - 


2024-09-26 23:45:32,299 [INFO] Activator:177 - !SESSION log4j initialized
2024-09-26 23:45:44,606 [INFO] LogOutputStream:77 - [STDOUT_REDIRECT] 
2024-09-26 23:45:47,512 [INFO] ApplicationProperties:184 - Using Application install path: /opt/st/stm32cubeide_1.15.1/plugins/com.st.stm32cube.common.mx_6.11.1.202404110753
2024-09-26 23:45:47,565 [INFO] DbMcusXml:78 - Set database path to: /opt/st/stm32cubeide_1.15.1/plugins/com.st.stm32cube.common.mx_6.11.1.202404110753//db//mcu/
2024-09-26 23:45:47,566 [INFO] ApiDb:274 - Set plugin database path to: /opt/st/stm32cubeide_1.15.1/plugins/com.st.stm32cube.common.mx_6.11.1.202404110753//db//plugins/boardmanager/
2024-09-26 23:45:47,567 [WARN] ApiDb:259 - Overriding images path with different value:  => /opt/st/stm32cubeide_1.15.1/plugins/com.st.stm32cube.common.mx_6.11.1.202404110753//db//plugins/mcufinder/images/
2024-09-26 23:45:47,588 [INFO] ApiDb:250 - Set database path to: /home/aaron/.stmcufinder/plugins/mcufinder//mcu/
2024-09-26 23:45:47,591 [INFO] DbMcusAds:125 - Set database path to: /home/aaron/.stmcufinder/plugins/mcufinder//mcu/
2024-09-26 23:45:47,599 [INFO] CrossReferenceDbSqlite:203 - Set database path to: /home/aaron/.stmcufinder/plugins/mcufinder//mcu/cs/
2024-09-26 23:45:48,102 [INFO] RulesReader:64 - Compatibility file has been processed (297 Rules)
2024-09-26 23:45:48,345 [INFO] DbMcusXml:78 - Set database path to: /opt/st/stm32cubeide_1.15.1/plugins/com.st.stm32cube.common.mx_6.11.1.202404110753//db//mcu/
2024-09-26 23:45:48,346 [INFO] ApiDb:274 - Set plugin database path to: /opt/st/stm32cubeide_1.15.1/plugins/com.st.stm32cube.common.mx_6.11.1.202404110753//db//plugins/boardmanager/
2024-09-26 23:45:48,346 [INFO] ApiDb:261 - Set plugin images path to: /opt/st/stm32cubeide_1.15.1/plugins/com.st.stm32cube.common.mx_6.11.1.202404110753//db//plugins/mcufinder/images/
2024-09-26 23:45:48,350 [WARN] DbFile:41 - Overriding database path with different value: /home/aaron/.stmcufinder/plugins/mcufinder/ => /home/aaron/.stmcufinder/plugins/mcufinder
2024-09-26 23:45:48,351 [INFO] ApiDb:250 - Set database path to: /home/aaron/.stmcufinder/plugins/mcufinder//mcu/
2024-09-26 23:45:48,351 [WARN] DbFile:41 - Overriding database path with different value: /home/aaron/.stmcufinder/plugins/mcufinder/ => /home/aaron/.stmcufinder/plugins/mcufinder
2024-09-26 23:45:48,351 [INFO] DbMcusAds:125 - Set database path to: /home/aaron/.stmcufinder/plugins/mcufinder//mcu/
2024-09-26 23:45:48,352 [WARN] DbFile:41 - Overriding database path with different value: /home/aaron/.stmcufinder/plugins/mcufinder/ => /home/aaron/.stmcufinder/plugins/mcufinder
2024-09-26 23:45:48,352 [WARN] DbFile:41 - Overriding database path with different value: /home/aaron/.stmcufinder/plugins/mcufinder/ => /home/aaron/.stmcufinder/plugins/mcufinder
2024-09-26 23:45:48,353 [INFO] CrossReferenceDbSqlite:203 - Set database path to: /home/aaron/.stmcufinder/plugins/mcufinder//mcu/cs/
2024-09-26 23:45:48,651 [INFO] MainPanel:264 - HeapMemory: 268435456
2024-09-26 23:45:48,959 [INFO] DbMcusXml:78 - Set database path to: /opt/st/stm32cubeide_1.15.1/plugins/com.st.stm32cube.common.mx_6.11.1.202404110753//db//mcu/
2024-09-26 23:45:48,959 [INFO] ApiDb:274 - Set plugin database path to: /opt/st/stm32cubeide_1.15.1/plugins/com.st.stm32cube.common.mx_6.11.1.202404110753//db//plugins/boardmanager/
2024-09-26 23:45:48,959 [INFO] ApiDb:261 - Set plugin images path to: /opt/st/stm32cubeide_1.15.1/plugins/com.st.stm32cube.common.mx_6.11.1.202404110753//db//plugins/mcufinder/images/
2024-09-26 23:45:48,960 [WARN] DbFile:41 - Overriding database path with different value: /home/aaron/.stmcufinder/plugins/mcufinder/ => /home/aaron/.stmcufinder/plugins/mcufinder
2024-09-26 23:45:48,960 [INFO] ApiDb:250 - Set database path to: /home/aaron/.stmcufinder/plugins/mcufinder//mcu/
2024-09-26 23:45:48,960 [WARN] DbFile:41 - Overriding database path with different value: /home/aaron/.stmcufinder/plugins/mcufinder/ => /home/aaron/.stmcufinder/plugins/mcufinder
2024-09-26 23:45:48,961 [INFO] DbMcusAds:125 - Set database path to: /home/aaron/.stmcufinder/plugins/mcufinder//mcu/
2024-09-26 23:45:48,961 [WARN] DbFile:41 - Overriding database path with different value: /home/aaron/.stmcufinder/plugins/mcufinder/ => /home/aaron/.stmcufinder/plugins/mcufinder
2024-09-26 23:45:48,961 [WARN] DbFile:41 - Overriding database path with different value: /home/aaron/.stmcufinder/plugins/mcufinder/ => /home/aaron/.stmcufinder/plugins/mcufinder
2024-09-26 23:45:48,962 [INFO] CrossReferenceDbSqlite:203 - Set database path to: /home/aaron/.stmcufinder/plugins/mcufinder//mcu/cs/
2024-09-26 23:45:49,010 [INFO] ApplicationProperties:184 - Using Application install path: /opt/st/stm32cubeide_1.15.1/plugins/com.st.stm32cube.common.mx_6.11.1.202404110753
2024-09-26 23:45:49,015 [INFO] PluginManage:196 - Search for loadable plugins [exclusion list=, ]
2024-09-26 23:45:49,021 [INFO] PluginManage:310 - Check plugin analytics
2024-09-26 23:45:49,352 [INFO] AnalyticsPlugin:253 - Accepted Software Licenses: 
2024-09-26 23:45:49,353 [INFO] AnalyticsPlugin:255 - Accepted CMSIS Pack Licenses: 
2024-09-26 23:45:49,353 [INFO] AnalyticsPlugin:257 - Accepted Firmware Licenses: FW.F4.1.28.0
2024-09-26 23:45:49,374 [INFO] PluginManage:359 - Loaded plugin analytics (category:tool,tabindex:-1)
2024-09-26 23:45:49,374 [INFO] PluginManage:310 - Check plugin cadmodel
2024-09-26 23:45:49,452 [INFO] CADModel:105 - Init CAD model plugin
2024-09-26 23:45:49,453 [INFO] PluginManage:359 - Loaded plugin cadmodel (category:power,tabindex:5)
2024-09-26 23:45:49,455 [INFO] PluginManage:310 - Check plugin clock
2024-09-26 23:45:49,492 [INFO] PluginManage:359 - Loaded plugin clock (category:base,tabindex:2)
2024-09-26 23:45:49,492 [INFO] PluginManage:310 - Check plugin ddr
2024-09-26 23:45:49,501 [INFO] PluginManage:359 - Loaded plugin ddr (category:tool,tabindex:6)
2024-09-26 23:45:49,501 [INFO] PluginManage:310 - Check plugin filemanager
2024-09-26 23:45:49,876 [INFO] PluginManage:359 - Loaded plugin filemanager (category:base,tabindex:10)
2024-09-26 23:45:49,876 [INFO] PluginManage:310 - Check plugin ipmanager
2024-09-26 23:45:49,887 [INFO] PluginManage:359 - Loaded plugin ipmanager (category:base,tabindex:5)
2024-09-26 23:45:49,887 [INFO] PluginManage:310 - Check plugin lpbam
2024-09-26 23:45:49,905 [INFO] PluginManage:359 - Loaded plugin lpbam (category:base,tabindex:0)
2024-09-26 23:45:49,905 [INFO] PluginManage:310 - Check plugin memorymap
2024-09-26 23:45:49,925 [INFO] PluginManage:359 - Loaded plugin memorymap (category:base,tabindex:4)
2024-09-26 23:45:49,925 [INFO] PluginManage:310 - Check plugin pinoutandconfiguration
2024-09-26 23:45:49,940 [INFO] PluginManage:359 - Loaded plugin pinoutandconfiguration (category:base,tabindex:1)
2024-09-26 23:45:49,940 [INFO] PluginManage:310 - Check plugin pinoutconfig
2024-09-26 23:45:50,091 [WARN] SupportedApi:132 - Cannot load RTOS API schema: s4s-elt-must-match.1: The content of 'definitions' must match (annotation?, (simpleType | complexType)?, (unique | key | keyref)*)). A problem was found starting at: attribute.
2024-09-26 23:45:50,441 [INFO] PluginManage:359 - Loaded plugin pinoutconfig (category:base,tabindex:0)
2024-09-26 23:45:50,441 [INFO] PluginManage:310 - Check plugin power
2024-09-26 23:45:50,466 [INFO] PluginManage:359 - Loaded plugin power (category:power,tabindex:4)
2024-09-26 23:45:50,466 [INFO] PluginManage:310 - Check plugin projectmanager
2024-09-26 23:45:50,513 [INFO] PluginManage:359 - Loaded plugin projectmanager (category:projectmanager,tabindex:3)
2024-09-26 23:45:50,513 [INFO] PluginManage:310 - Check plugin thirdparty
2024-09-26 23:45:50,832 [WARN] IntegrityCheckThread:84 - waiting for thirdparty lock release [integrity check]
2024-09-26 23:45:50,833 [INFO] IntegrityCheckThread:86 - entering critical section [integrity check]
2024-09-26 23:45:50,834 [INFO] ThirdPartyUpdaterWithRetryManager:70 - Updater plugin not ready yet. [1/15]
2024-09-26 23:45:50,834 [INFO] PluginManage:359 - Loaded plugin thirdparty (category:base,tabindex:-1)
2024-09-26 23:45:50,834 [INFO] PluginManage:310 - Check plugin tools
2024-09-26 23:45:50,839 [INFO] PluginManage:359 - Loaded plugin tools (category:base,tabindex:7)
2024-09-26 23:45:50,839 [INFO] PluginManage:310 - Check plugin tutovideos
2024-09-26 23:45:51,405 [INFO] PluginManage:359 - Loaded plugin tutovideos (category:base,tabindex:-1)
2024-09-26 23:45:51,405 [INFO] PluginManage:310 - Check plugin updater
2024-09-26 23:45:51,425 [INFO] PluginManage:359 - Loaded plugin updater (category:base,tabindex:12)
2024-09-26 23:45:51,426 [INFO] PluginManage:310 - Check plugin userauth
2024-09-26 23:45:51,435 [INFO] UserAuth:114 - Init User Auth plugin
2024-09-26 23:45:51,435 [INFO] PluginManage:359 - Loaded plugin userauth (category:base,tabindex:14)
2024-09-26 23:45:51,436 [INFO] PluginManage:283 - PluginManage : Loaded plugins [17]
2024-09-26 23:45:51,846 [INFO] PinOutPanel:1561 - setPackage(No Configuration,No Configuration)
2024-09-26 23:45:52,471 [INFO] CADModel:165 - CPN selected for project level
2024-09-26 23:45:52,472 [INFO] CADModel:114 - Register for checkConnection events
2024-09-26 23:45:52,578 [INFO] IPUIPlugin:80 - create IPUIPlugin
2024-09-26 23:45:52,578 [INFO] PluginManager:220 - loadIPPluginJar : add comp
2024-09-26 23:45:52,608 [INFO] IPUIPlugin:80 - create IPUIPlugin
2024-09-26 23:45:52,614 [INFO] PluginManager:220 - loadIPPluginJar : add spi
2024-09-26 23:45:52,649 [INFO] IPUIPlugin:80 - create IPUIPlugin
2024-09-26 23:45:52,649 [INFO] PluginManager:220 - loadIPPluginJar : add touchsensing
2024-09-26 23:45:52,715 [INFO] IPUIPlugin:80 - create IPUIPlugin
2024-09-26 23:45:52,720 [INFO] PluginManager:220 - loadIPPluginJar : add gpio
2024-09-26 23:45:52,733 [INFO] IPUIPlugin:80 - create IPUIPlugin
2024-09-26 23:45:52,733 [INFO] PluginManager:220 - loadIPPluginJar : add tracer_emb
2024-09-26 23:45:52,771 [INFO] IPUIPlugin:80 - create IPUIPlugin
2024-09-26 23:45:52,771 [INFO] PluginManager:220 - loadIPPluginJar : add opamp
2024-09-26 23:45:52,787 [INFO] IPUIPlugin:80 - create IPUIPlugin
2024-09-26 23:45:52,787 [INFO] PluginManager:220 - loadIPPluginJar : add ltdc
2024-09-26 23:45:52,844 [INFO] IPUIPlugin:80 - create IPUIPlugin
2024-09-26 23:45:52,844 [INFO] PluginManager:220 - loadIPPluginJar : add dma
2024-09-26 23:45:52,859 [INFO] IPUIPlugin:80 - create IPUIPlugin
2024-09-26 23:45:52,859 [INFO] PluginManager:220 - loadIPPluginJar : add gtzc
2024-09-26 23:45:52,870 [INFO] IPUIPlugin:80 - create IPUIPlugin
2024-09-26 23:45:52,871 [INFO] PluginManager:220 - loadIPPluginJar : add genericplugin
2024-09-26 23:45:52,893 [INFO] IPUIPlugin:80 - create IPUIPlugin
2024-09-26 23:45:52,894 [INFO] PluginManager:220 - loadIPPluginJar : add i2s
2024-09-26 23:45:52,905 [INFO] IPUIPlugin:80 - create IPUIPlugin
2024-09-26 23:45:52,908 [INFO] PluginManager:220 - loadIPPluginJar : add ts
2024-09-26 23:45:52,913 [INFO] IPUIPlugin:80 - create IPUIPlugin
2024-09-26 23:45:52,914 [INFO] PluginManager:220 - loadIPPluginJar : add tsc
2024-09-26 23:45:52,926 [INFO] IPUIPlugin:80 - create IPUIPlugin
2024-09-26 23:45:52,926 [INFO] PluginManager:220 - loadIPPluginJar : add ucpd
2024-09-26 23:45:52,943 [INFO] IPUIPlugin:80 - create IPUIPlugin
2024-09-26 23:45:52,943 [INFO] PluginManager:220 - loadIPPluginJar : add i3c
2024-09-26 23:45:52,956 [INFO] IPUIPlugin:80 - create IPUIPlugin
2024-09-26 23:45:52,956 [INFO] PluginManager:220 - loadIPPluginJar : add hash
2024-09-26 23:45:53,007 [INFO] IPUIPlugin:80 - create IPUIPlugin
2024-09-26 23:45:53,013 [INFO] PluginManager:220 - loadIPPluginJar : add fmc
2024-09-26 23:45:53,035 [INFO] IPUIPlugin:80 - create IPUIPlugin
2024-09-26 23:45:53,039 [INFO] PluginManager:220 - loadIPPluginJar : add pdm2pcm
2024-09-26 23:45:53,063 [INFO] IPUIPlugin:80 - create IPUIPlugin
2024-09-26 23:45:53,064 [INFO] PluginManager:220 - loadIPPluginJar : add linkedlist
2024-09-26 23:45:53,119 [INFO] IPUIPlugin:80 - create IPUIPlugin
2024-09-26 23:45:53,120 [INFO] PluginManager:220 - loadIPPluginJar : add mdma
2024-09-26 23:45:53,129 [INFO] IPUIPlugin:80 - create IPUIPlugin
2024-09-26 23:45:53,130 [INFO] PluginManager:220 - loadIPPluginJar : add can
2024-09-26 23:45:53,142 [INFO] IPUIPlugin:80 - create IPUIPlugin
2024-09-26 23:45:53,145 [INFO] PluginManager:220 - loadIPPluginJar : add lorawan
2024-09-26 23:45:53,174 [INFO] IPUIPlugin:80 - create IPUIPlugin
2024-09-26 23:45:53,182 [INFO] PluginManager:220 - loadIPPluginJar : add plateformsettings
2024-09-26 23:45:53,200 [INFO] IPUIPlugin:80 - create IPUIPlugin
2024-09-26 23:45:53,203 [INFO] PluginManager:220 - loadIPPluginJar : add nvic
2024-09-26 23:45:53,225 [INFO] IPUIPlugin:80 - create IPUIPlugin
2024-09-26 23:45:53,230 [INFO] PluginManager:220 - loadIPPluginJar : add extmemmanager
2024-09-26 23:45:53,240 [INFO] IPUIPlugin:80 - create IPUIPlugin
2024-09-26 23:45:53,240 [INFO] PluginManager:220 - loadIPPluginJar : add aes
2024-09-26 23:45:53,251 [INFO] IPUIPlugin:80 - create IPUIPlugin
2024-09-26 23:45:53,254 [INFO] PluginManager:220 - loadIPPluginJar : add cryp
2024-09-26 23:45:53,263 [INFO] IPUIPlugin:80 - create IPUIPlugin
2024-09-26 23:45:53,264 [INFO] PluginManager:220 - loadIPPluginJar : add dma3
2024-09-26 23:45:53,268 [INFO] IPUIPlugin:80 - create IPUIPlugin
2024-09-26 23:45:53,268 [INFO] PluginManager:220 - loadIPPluginJar : add i2c
2024-09-26 23:45:53,270 [INFO] IPUIPlugin:80 - create IPUIPlugin
2024-09-26 23:45:53,271 [INFO] PluginManager:220 - loadIPPluginJar : add fatfs
2024-09-26 23:45:53,279 [INFO] IPUIPlugin:80 - create IPUIPlugin
2024-09-26 23:45:53,281 [INFO] PluginManager:220 - loadIPPluginJar : add usbx
2024-09-26 23:45:53,287 [INFO] IPUIPlugin:80 - create IPUIPlugin
2024-09-26 23:45:53,287 [INFO] PluginManager:220 - loadIPPluginJar : add sai
2024-09-26 23:45:53,311 [INFO] IPUIPlugin:80 - create IPUIPlugin
2024-09-26 23:45:53,312 [INFO] PluginManager:220 - loadIPPluginJar : add gic
2024-09-26 23:45:53,332 [INFO] IPUIPlugin:80 - create IPUIPlugin
2024-09-26 23:45:53,333 [INFO] PluginManager:220 - loadIPPluginJar : add freertos
2024-09-26 23:45:53,345 [INFO] IPUIPlugin:80 - create IPUIPlugin
2024-09-26 23:45:53,345 [INFO] PluginManager:220 - loadIPPluginJar : add resmgrutility
2024-09-26 23:45:53,354 [INFO] IPUIPlugin:80 - create IPUIPlugin
2024-09-26 23:45:53,354 [INFO] PluginManager:220 - loadIPPluginJar : add ipddr
2024-09-26 23:45:53,371 [INFO] IPUIPlugin:80 - create IPUIPlugin
2024-09-26 23:45:53,371 [INFO] PluginManager:220 - loadIPPluginJar : add adc
2024-09-26 23:45:53,380 [INFO] IPUIPlugin:80 - create IPUIPlugin
2024-09-26 23:45:53,380 [INFO] PluginManager:220 - loadIPPluginJar : add openamp
2024-09-26 23:45:53,385 [INFO] IPUIPlugin:80 - create IPUIPlugin
2024-09-26 23:45:53,385 [INFO] PluginManager:220 - loadIPPluginJar : add gfxmmu
2024-09-26 23:45:53,400 [INFO] IPUIPlugin:80 - create IPUIPlugin
2024-09-26 23:45:53,401 [INFO] PluginManager:220 - loadIPPluginJar : add stm32_wpan
2024-09-26 23:45:53,405 [INFO] IPUIPlugin:80 - create IPUIPlugin
2024-09-26 23:45:53,406 [INFO] PluginManager:220 - loadIPPluginJar : add tim
2024-09-26 23:45:53,413 [INFO] IPUIPlugin:80 - create IPUIPlugin
2024-09-26 23:45:53,413 [INFO] PluginManager:220 - loadIPPluginJar : add usart
2024-09-26 23:45:53,416 [INFO] IPUIPlugin:80 - create IPUIPlugin
2024-09-26 23:45:53,417 [INFO] PluginManager:220 - loadIPPluginJar : add dfsdm
2024-09-26 23:45:53,419 [INFO] IPUIPlugin:80 - create IPUIPlugin
2024-09-26 23:45:53,419 [INFO] PluginManager:220 - loadIPPluginJar : add quadspi
2024-09-26 23:45:53,670 [INFO] CADModel:165 - CPN selected for project level
2024-09-26 23:45:53,670 [INFO] CADModel:114 - Register for checkConnection events
2024-09-26 23:45:53,671 [FATAL] Updater:308 - Updater called before beeing initialized
2024-09-26 23:45:53,671 [ERROR] CADModel:125 - Updater not yet initialized, retry later 
2024-09-26 23:45:53,841 [INFO] ThirdPartyUpdaterWithRetryManager:70 - Updater plugin not ready yet. [2/15]
2024-09-26 23:45:55,027 [INFO] CADModel:165 - CPN selected for project level
2024-09-26 23:45:55,027 [INFO] CADModel:114 - Register for checkConnection events
2024-09-26 23:45:55,047 [FATAL] Updater:308 - Updater called before beeing initialized
2024-09-26 23:45:55,048 [ERROR] CADModel:125 - Updater not yet initialized, retry later 
2024-09-26 23:45:55,083 [FATAL] Updater:308 - Updater called before beeing initialized
2024-09-26 23:45:56,607 [FATAL] Updater:308 - Updater called before beeing initialized
2024-09-26 23:45:56,658 [INFO] DbMcusAds:53 - JSON generation date=Fri Sep 20 20:04:23 ICT 2024 (1726837463113)
2024-09-26 23:45:56,658 [FATAL] Updater:308 - Updater called before beeing initialized
2024-09-26 23:45:56,845 [FATAL] Updater:308 - Updater called before beeing initialized
2024-09-26 23:45:56,845 [ERROR] IntegrityCheckThread:130 - Cannot retrieve database content from updater: error 21
2024-09-26 23:45:56,846 [INFO] ThirdParty:978 - Integrity check success = false
2024-09-26 23:45:56,846 [INFO] IntegrityCheckThread:100 - exiting critical section [integrity check]
2024-09-26 23:45:56,846 [INFO] IntegrityCheckThread:103 - End integrity checks thread
2024-09-26 23:45:57,141 [WARN] DetailPanel:346 - Failed to get advertising image, set to default
2024-09-26 23:45:57,775 [FATAL] Updater:308 - Updater called before beeing initialized
2024-09-26 23:45:57,780 [FATAL] Updater:308 - Updater called before beeing initialized
2024-09-26 23:45:57,780 [FATAL] Updater:308 - Updater called before beeing initialized
2024-09-26 23:45:57,780 [WARN] DetailPanel:346 - Failed to get advertising image, set to default
2024-09-26 23:45:57,783 [FATAL] Updater:308 - Updater called before beeing initialized
2024-09-26 23:45:57,986 [ERROR] Updater:1120 - MainUpdater not yet initialized. External WinMGr cannot be set.
2024-09-26 23:45:57,992 [INFO] Updater:1056 - Updater Version found : 6.11.1
2024-09-26 23:45:58,197 [INFO] ApplicationProperties:184 - Using Application install path: /opt/st/stm32cubeide_1.15.1/plugins/com.st.stm32cube.common.mx_6.11.1.202404110753
2024-09-26 23:45:59,546 [INFO] MainUpdater:2873 - connection check result : 10
2024-09-26 23:45:59,546 [INFO] MainUpdater:3567 - Updater definition file requires update
2024-09-26 23:45:59,547 [INFO] MainUpdater:290 - Updater Check For Update Now.
2024-09-26 23:45:59,548 [INFO] MicroXplorer:498 - Change Database Version : DB.6.0.111
2024-09-26 23:45:59,569 [INFO] McuFinderGlobals:63 - Set McuFinder mode to 2 (CubeIDE integrated)
2024-09-26 23:45:59,583 [INFO] ServerAccessManage:473 - Download File updaters.zip
2024-09-26 23:45:59,614 [INFO] UserAuth:415 - Internet connection configuration mode: 1
2024-09-26 23:45:59,685 [INFO] JxBrowserEngine:152 - Initiate JxBrowser Engine with user profile folder
2024-09-26 23:45:59,989 [INFO] FileExtend:240 - Unzip File : updaters.zip
2024-09-26 23:46:00,164 [INFO] FileExtend:255 - Standard Zip Deflate
2024-09-26 23:46:00,632 [INFO] ServerAccessManage:473 - Download File PacksControlFlags.xml
2024-09-26 23:46:00,855 [INFO] ServerAccessManage:473 - Download File cubemx.pidx
2024-09-26 23:46:03,684 [INFO] ServerAccessManage:473 - Download File STMicroelectronics.X-CUBE-NFC9.pdsc
2024-09-26 23:46:03,727 [INFO] ServerAccessManage:473 - Download File STMicroelectronics.X-CUBE-NFC10.pdsc
2024-09-26 23:46:05,060 [INFO] WebApp:161 - Instantiating new browser for Auth
2024-09-26 23:46:06,444 [WARN] PackLoader:240 - Cannot read IP mode file for STMicroelectronics.X-CUBE-NFC9.1.0.0
2024-09-26 23:46:06,493 [WARN] PackLoader:240 - Cannot read IP mode file for STMicroelectronics.X-CUBE-NFC10.1.0.0
2024-09-26 23:46:06,505 [INFO] PopulateThirdPartyThread:66 - Ending populate Thread
2024-09-26 23:46:06,510 [INFO] ThirdParty:1030 - CMSIS Pack Vendor :STMicroelectronics X-CUBE-NFC9 1.0.0
2024-09-26 23:46:06,510 [INFO] ThirdParty:1030 - CMSIS Pack Vendor :STMicroelectronics X-CUBE-NFC10 1.0.0
2024-09-26 23:46:06,511 [INFO] LoadServerUpdatesThread:375 - End of LoadServerUpdate Thread
2024-09-26 23:46:06,880 [INFO] CheckServerUpdateThread:120 - End of CheckServer Thread
2024-09-26 23:46:07,823 [INFO] WebApp:779 - Register for checkConnection events
2024-09-26 23:46:07,823 [INFO] WebApp:414 - Apply proxy settings
2024-09-26 23:46:07,823 [INFO] WebApp:499 - Chromium requires no authentication
2024-09-26 23:46:07,833 [INFO] WebApp:442 - Direct internet connection detected
2024-09-26 23:46:08,217 [INFO] WebApp:192 - Starting web application
2024-09-26 23:46:08,217 [INFO] WebApp:544 - Web application path used /opt/st/stm32cubeide_1.15.1/plugins/com.st.stm32cube.common.mx_6.11.1.202404110753/db/plugins/mcufinder/reactClient1/index.html
2024-09-26 23:58:34,764 [ERROR] LogOutputStream:75 - [STDERR_REDIRECT] SWT SessionManagerDBus: Failed to UnregisterClient: The connection is closed
